<?xml version="1.0" encoding="UTF-8"?>
<!-- Generated by org.testng.reporters.JUnitReportReporter -->
<testsuite hostname="SMPC015" failures="0" tests="5" name="com.shop.End_to_End_Flow" time="81.363" errors="0" timestamp="2024-11-19T11:29:15 IST" skipped="0">
  <testcase classname="com.shop.End_to_End_Flow" name="TestLoginFunctioanlity" time="31.941"/>
  <system-out/>
  <testcase classname="com.shop.End_to_End_Flow" name="closeInformation" time="10.053"/>
  <system-out/>
  <testcase classname="com.shop.End_to_End_Flow" name="Product_MegaMenu" time="2.822"/>
  <system-out/>
  <testcase classname="com.shop.End_to_End_Flow" name="PLP" time="4.491"/>
  <system-out/>
  <testcase classname="com.shop.End_to_End_Flow" name="PDP" time="32.056"/>
  <system-out/>
</testsuite> <!-- com.shop.End_to_End_Flow -->
