<?xml version="1.0" encoding="UTF-8"?>
<!-- Generated by org.testng.reporters.JUnitReportReporter -->
<testsuite hostname="SMPC015" failures="0" tests="1" name="com.shop.LoginPage" time="8.515" errors="0" timestamp="2024-11-18T11:47:31 IST" skipped="0">
  <testcase classname="com.shop.LoginPage" name="TestLoginFunctioanlity" time="8.515"/>
  <system-out/>
</testsuite> <!-- com.shop.LoginPage -->
