<?xml version="1.0" encoding="UTF-8"?>
<!-- Generated by org.testng.reporters.JUnitReportReporter -->
<testsuite hostname="SMPC015" failures="0" tests="1" name="com.shop.BaseClass" time="9.535" errors="0" timestamp="2024-07-11T16:20:20 IST" skipped="0">
  <testcase classname="com.shop.BaseClass" name="login" time="9.535"/>
</testsuite> <!-- com.shop.BaseClass -->
